2023-03-27 18:48:11.951  INFO 26124 --- [restartedMain] c.b.b.BoardAppApplication                : Starting BoardAppApplication using Java 1.8.0_231 on DESKTOP-VSIP2P1 with PID 26124 (E:\프로젝트\rest-api-project\board-app\build\classes\java\main started by User in E:\프로젝트\rest-api-project\board-app)
2023-03-27 18:48:11.960  INFO 26124 --- [restartedMain] c.b.b.BoardAppApplication                : No active profile set, falling back to 1 default profile: "default"
2023-03-27 18:48:12.139  INFO 26124 --- [restartedMain] .e.DevToolsPropertyDefaultsPostProcessor : Devtools property defaults active! Set 'spring.devtools.add-properties' to 'false' to disable
2023-03-27 18:48:12.139  INFO 26124 --- [restartedMain] .e.DevToolsPropertyDefaultsPostProcessor : For additional web related logging consider setting the 'logging.level.web' property to 'DEBUG'
2023-03-27 18:48:12.963  INFO 26124 --- [restartedMain] o.s.b.w.e.t.TomcatWebServer              : Tomcat initialized with port(s): 8080 (http)
2023-03-27 18:48:12.974  INFO 26124 --- [restartedMain] o.a.c.c.StandardService                  : Starting service [Tomcat]
2023-03-27 18:48:12.974  INFO 26124 --- [restartedMain] o.a.c.c.StandardEngine                   : Starting Servlet engine: [Apache Tomcat/9.0.69]
2023-03-27 18:48:13.068  INFO 26124 --- [restartedMain] o.a.c.c.C.[.[.[/]                        : Initializing Spring embedded WebApplicationContext
2023-03-27 18:48:13.068  INFO 26124 --- [restartedMain] w.s.c.ServletWebServerApplicationContext : Root WebApplicationContext: initialization completed in 928 ms
2023-03-27 18:48:13.402  INFO 26124 --- [restartedMain] o.s.b.d.a.OptionalLiveReloadServer       : LiveReload server is running on port 35729
2023-03-27 18:48:13.426  INFO 26124 --- [restartedMain] o.s.b.w.e.t.TomcatWebServer              : Tomcat started on port(s): 8080 (http) with context path ''
2023-03-27 18:48:13.433  INFO 26124 --- [restartedMain] c.b.b.BoardAppApplication                : Started BoardAppApplication in 2.611 seconds (JVM running for 4.027)
2023-03-27 18:48:20.186  INFO 26124 --- [http-nio-8080-exec-2] o.a.c.c.C.[.[.[/]                        : Initializing Spring DispatcherServlet 'dispatcherServlet'
2023-03-27 18:48:20.186  INFO 26124 --- [http-nio-8080-exec-2] o.s.w.s.DispatcherServlet                : Initializing Servlet 'dispatcherServlet'
2023-03-27 18:48:20.187  INFO 26124 --- [http-nio-8080-exec-2] o.s.w.s.DispatcherServlet                : Completed initialization in 1 ms
2023-03-27 18:48:21.494  WARN 26124 --- [http-nio-8080-exec-4] o.s.w.s.PageNotFound                     : No mapping for GET /favicon.ico
2023-03-27 18:48:21.498  INFO 26124 --- [http-nio-8080-exec-4] c.b.b.i.RefererInterceptor               : TokenInterceptor
2023-03-27 18:48:21.498  INFO 26124 --- [http-nio-8080-exec-4] c.b.b.i.RefererInterceptor               : TokenInterceptor referer : http://localhost:8080/member/loginForm
2023-03-27 18:48:21.499  INFO 26124 --- [http-nio-8080-exec-4] c.b.b.i.RefererInterceptor               : request url : http://localhost:8080/error
2023-03-27 18:48:57.269  INFO 19904 --- [restartedMain] c.b.b.BoardAppApplication                : Starting BoardAppApplication using Java 1.8.0_231 on DESKTOP-VSIP2P1 with PID 19904 (E:\프로젝트\rest-api-project\board-app\build\classes\java\main started by User in E:\프로젝트\rest-api-project\board-app)
2023-03-27 18:48:57.275  INFO 19904 --- [restartedMain] c.b.b.BoardAppApplication                : No active profile set, falling back to 1 default profile: "default"
2023-03-27 18:48:57.410  INFO 19904 --- [restartedMain] .e.DevToolsPropertyDefaultsPostProcessor : Devtools property defaults active! Set 'spring.devtools.add-properties' to 'false' to disable
2023-03-27 18:48:57.410  INFO 19904 --- [restartedMain] .e.DevToolsPropertyDefaultsPostProcessor : For additional web related logging consider setting the 'logging.level.web' property to 'DEBUG'
2023-03-27 18:48:58.167  INFO 19904 --- [restartedMain] o.s.b.w.e.t.TomcatWebServer              : Tomcat initialized with port(s): 8080 (http)
2023-03-27 18:48:58.186  INFO 19904 --- [restartedMain] o.a.c.c.StandardService                  : Starting service [Tomcat]
2023-03-27 18:48:58.186  INFO 19904 --- [restartedMain] o.a.c.c.StandardEngine                   : Starting Servlet engine: [Apache Tomcat/9.0.69]
2023-03-27 18:48:58.281  INFO 19904 --- [restartedMain] o.a.c.c.C.[.[.[/]                        : Initializing Spring embedded WebApplicationContext
2023-03-27 18:48:58.281  INFO 19904 --- [restartedMain] w.s.c.ServletWebServerApplicationContext : Root WebApplicationContext: initialization completed in 871 ms
2023-03-27 18:48:58.591  INFO 19904 --- [restartedMain] o.s.b.d.a.OptionalLiveReloadServer       : LiveReload server is running on port 35729
2023-03-27 18:48:58.614  INFO 19904 --- [restartedMain] o.s.b.w.e.t.TomcatWebServer              : Tomcat started on port(s): 8080 (http) with context path ''
2023-03-27 18:48:58.622  INFO 19904 --- [restartedMain] c.b.b.BoardAppApplication                : Started BoardAppApplication in 1.692 seconds (JVM running for 2.838)
2023-03-27 18:49:01.689  INFO 19904 --- [http-nio-8080-exec-1] o.a.c.c.C.[.[.[/]                        : Initializing Spring DispatcherServlet 'dispatcherServlet'
2023-03-27 18:49:01.689  INFO 19904 --- [http-nio-8080-exec-1] o.s.w.s.DispatcherServlet                : Initializing Servlet 'dispatcherServlet'
2023-03-27 18:49:01.689  INFO 19904 --- [http-nio-8080-exec-1] o.s.w.s.DispatcherServlet                : Completed initialization in 0 ms
2023-03-27 18:49:02.637  WARN 19904 --- [http-nio-8080-exec-4] o.s.w.s.PageNotFound                     : No mapping for GET /favicon.ico
2023-03-27 18:49:02.641  INFO 19904 --- [http-nio-8080-exec-4] c.b.b.i.RefererInterceptor               : TokenInterceptor
2023-03-27 18:49:02.641  INFO 19904 --- [http-nio-8080-exec-4] c.b.b.i.RefererInterceptor               : TokenInterceptor referer : http://localhost:8080/member/join
2023-03-27 18:49:02.642  INFO 19904 --- [http-nio-8080-exec-4] c.b.b.i.RefererInterceptor               : request url : http://localhost:8080/error
2023-03-27 18:49:06.324  INFO 19904 --- [http-nio-8080-exec-5] c.b.b.i.RefererInterceptor               : TokenInterceptor
2023-03-27 18:49:06.324  INFO 19904 --- [http-nio-8080-exec-5] c.b.b.i.RefererInterceptor               : TokenInterceptor referer : http://localhost:8080/member/join
2023-03-27 18:49:06.324  INFO 19904 --- [http-nio-8080-exec-5] c.b.b.i.RefererInterceptor               : request url : http://localhost:8080/member/checkUserId
2023-03-27 18:49:06.330  INFO 19904 --- [http-nio-8080-exec-5] c.b.b.c.MemberController                 : checkUserId
2023-03-27 18:49:06.331  INFO 19904 --- [http-nio-8080-exec-5] c.b.b.c.MemberController                 : userId : testUser
2023-03-27 18:50:55.335  INFO 27052 --- [restartedMain] c.b.b.BoardAppApplication                : Starting BoardAppApplication using Java 1.8.0_231 on DESKTOP-VSIP2P1 with PID 27052 (E:\프로젝트\rest-api-project\board-app\build\classes\java\main started by User in E:\프로젝트\rest-api-project\board-app)
2023-03-27 18:50:55.341  INFO 27052 --- [restartedMain] c.b.b.BoardAppApplication                : No active profile set, falling back to 1 default profile: "default"
2023-03-27 18:50:55.478  INFO 27052 --- [restartedMain] .e.DevToolsPropertyDefaultsPostProcessor : Devtools property defaults active! Set 'spring.devtools.add-properties' to 'false' to disable
2023-03-27 18:50:55.479  INFO 27052 --- [restartedMain] .e.DevToolsPropertyDefaultsPostProcessor : For additional web related logging consider setting the 'logging.level.web' property to 'DEBUG'
2023-03-27 18:50:56.228  INFO 27052 --- [restartedMain] o.s.b.w.e.t.TomcatWebServer              : Tomcat initialized with port(s): 8080 (http)
2023-03-27 18:50:56.240  INFO 27052 --- [restartedMain] o.a.c.c.StandardService                  : Starting service [Tomcat]
2023-03-27 18:50:56.240  INFO 27052 --- [restartedMain] o.a.c.c.StandardEngine                   : Starting Servlet engine: [Apache Tomcat/9.0.69]
2023-03-27 18:50:56.336  INFO 27052 --- [restartedMain] o.a.c.c.C.[.[.[/]                        : Initializing Spring embedded WebApplicationContext
2023-03-27 18:50:56.336  INFO 27052 --- [restartedMain] w.s.c.ServletWebServerApplicationContext : Root WebApplicationContext: initialization completed in 857 ms
2023-03-27 18:50:56.649  INFO 27052 --- [restartedMain] o.s.b.d.a.OptionalLiveReloadServer       : LiveReload server is running on port 35729
2023-03-27 18:50:56.670  INFO 27052 --- [restartedMain] o.s.b.w.e.t.TomcatWebServer              : Tomcat started on port(s): 8080 (http) with context path ''
2023-03-27 18:50:56.678  INFO 27052 --- [restartedMain] c.b.b.BoardAppApplication                : Started BoardAppApplication in 1.686 seconds (JVM running for 2.867)
2023-03-27 18:50:58.248  INFO 27052 --- [http-nio-8080-exec-1] o.a.c.c.C.[.[.[/]                        : Initializing Spring DispatcherServlet 'dispatcherServlet'
2023-03-27 18:50:58.248  INFO 27052 --- [http-nio-8080-exec-1] o.s.w.s.DispatcherServlet                : Initializing Servlet 'dispatcherServlet'
2023-03-27 18:50:58.248  INFO 27052 --- [http-nio-8080-exec-1] o.s.w.s.DispatcherServlet                : Completed initialization in 0 ms
2023-03-27 18:50:59.567  WARN 27052 --- [http-nio-8080-exec-4] o.s.w.s.PageNotFound                     : No mapping for GET /favicon.ico
2023-03-27 18:50:59.571  INFO 27052 --- [http-nio-8080-exec-4] c.b.b.i.RefererInterceptor               : TokenInterceptor
2023-03-27 18:50:59.571  INFO 27052 --- [http-nio-8080-exec-4] c.b.b.i.RefererInterceptor               : TokenInterceptor referer : http://localhost:8080/member/join
2023-03-27 18:50:59.572  INFO 27052 --- [http-nio-8080-exec-4] c.b.b.i.RefererInterceptor               : request url : http://localhost:8080/error
2023-03-27 18:51:02.132  INFO 27052 --- [http-nio-8080-exec-5] c.b.b.i.RefererInterceptor               : TokenInterceptor
2023-03-27 18:51:02.132  INFO 27052 --- [http-nio-8080-exec-5] c.b.b.i.RefererInterceptor               : TokenInterceptor referer : http://localhost:8080/member/join
2023-03-27 18:51:02.132  INFO 27052 --- [http-nio-8080-exec-5] c.b.b.i.RefererInterceptor               : request url : http://localhost:8080/member/checkUserId
2023-03-27 18:51:02.137  INFO 27052 --- [http-nio-8080-exec-5] c.b.b.c.MemberController                 : checkUserId
2023-03-27 18:51:02.139  INFO 27052 --- [http-nio-8080-exec-5] c.b.b.c.MemberController                 : userId : testUser
2023-03-27 18:52:18.057  INFO 24412 --- [restartedMain] c.b.b.BoardAppApplication                : Starting BoardAppApplication using Java 1.8.0_231 on DESKTOP-VSIP2P1 with PID 24412 (E:\프로젝트\rest-api-project\board-app\build\classes\java\main started by User in E:\프로젝트\rest-api-project\board-app)
2023-03-27 18:52:18.064  INFO 24412 --- [restartedMain] c.b.b.BoardAppApplication                : No active profile set, falling back to 1 default profile: "default"
2023-03-27 18:52:18.220  INFO 24412 --- [restartedMain] .e.DevToolsPropertyDefaultsPostProcessor : Devtools property defaults active! Set 'spring.devtools.add-properties' to 'false' to disable
2023-03-27 18:52:18.220  INFO 24412 --- [restartedMain] .e.DevToolsPropertyDefaultsPostProcessor : For additional web related logging consider setting the 'logging.level.web' property to 'DEBUG'
2023-03-27 18:52:18.950  INFO 24412 --- [restartedMain] o.s.b.w.e.t.TomcatWebServer              : Tomcat initialized with port(s): 8080 (http)
2023-03-27 18:52:18.961  INFO 24412 --- [restartedMain] o.a.c.c.StandardService                  : Starting service [Tomcat]
2023-03-27 18:52:18.961  INFO 24412 --- [restartedMain] o.a.c.c.StandardEngine                   : Starting Servlet engine: [Apache Tomcat/9.0.69]
2023-03-27 18:52:19.054  INFO 24412 --- [restartedMain] o.a.c.c.C.[.[.[/]                        : Initializing Spring embedded WebApplicationContext
2023-03-27 18:52:19.055  INFO 24412 --- [restartedMain] w.s.c.ServletWebServerApplicationContext : Root WebApplicationContext: initialization completed in 835 ms
2023-03-27 18:52:19.357  INFO 24412 --- [restartedMain] o.s.b.d.a.OptionalLiveReloadServer       : LiveReload server is running on port 35729
2023-03-27 18:52:19.379  INFO 24412 --- [restartedMain] o.s.b.w.e.t.TomcatWebServer              : Tomcat started on port(s): 8080 (http) with context path ''
2023-03-27 18:52:19.386  INFO 24412 --- [restartedMain] c.b.b.BoardAppApplication                : Started BoardAppApplication in 1.688 seconds (JVM running for 2.936)
2023-03-27 18:52:20.575  INFO 24412 --- [http-nio-8080-exec-1] o.a.c.c.C.[.[.[/]                        : Initializing Spring DispatcherServlet 'dispatcherServlet'
2023-03-27 18:52:20.575  INFO 24412 --- [http-nio-8080-exec-1] o.s.w.s.DispatcherServlet                : Initializing Servlet 'dispatcherServlet'
2023-03-27 18:52:20.576  INFO 24412 --- [http-nio-8080-exec-1] o.s.w.s.DispatcherServlet                : Completed initialization in 1 ms
2023-03-27 18:52:21.823  WARN 24412 --- [http-nio-8080-exec-4] o.s.w.s.PageNotFound                     : No mapping for GET /favicon.ico
2023-03-27 18:52:21.828  INFO 24412 --- [http-nio-8080-exec-4] c.b.b.i.RefererInterceptor               : TokenInterceptor
2023-03-27 18:52:21.828  INFO 24412 --- [http-nio-8080-exec-4] c.b.b.i.RefererInterceptor               : TokenInterceptor referer : http://localhost:8080/member/join
2023-03-27 18:52:21.828  INFO 24412 --- [http-nio-8080-exec-4] c.b.b.i.RefererInterceptor               : request url : http://localhost:8080/error
2023-03-27 18:52:25.634  INFO 24412 --- [http-nio-8080-exec-5] c.b.b.i.RefererInterceptor               : TokenInterceptor
2023-03-27 18:52:25.634  INFO 24412 --- [http-nio-8080-exec-5] c.b.b.i.RefererInterceptor               : TokenInterceptor referer : http://localhost:8080/member/join
2023-03-27 18:52:25.634  INFO 24412 --- [http-nio-8080-exec-5] c.b.b.i.RefererInterceptor               : request url : http://localhost:8080/member/checkUserId
2023-03-27 18:52:25.639  INFO 24412 --- [http-nio-8080-exec-5] c.b.b.c.MemberController                 : checkUserId
2023-03-27 18:52:25.640  INFO 24412 --- [http-nio-8080-exec-5] c.b.b.c.MemberController                 : userId : testUser
2023-03-27 18:53:08.248  INFO 21956 --- [restartedMain] c.b.b.BoardAppApplication                : Starting BoardAppApplication using Java 1.8.0_231 on DESKTOP-VSIP2P1 with PID 21956 (E:\프로젝트\rest-api-project\board-app\build\classes\java\main started by User in E:\프로젝트\rest-api-project\board-app)
2023-03-27 18:53:08.254  INFO 21956 --- [restartedMain] c.b.b.BoardAppApplication                : No active profile set, falling back to 1 default profile: "default"
2023-03-27 18:53:08.390  INFO 21956 --- [restartedMain] .e.DevToolsPropertyDefaultsPostProcessor : Devtools property defaults active! Set 'spring.devtools.add-properties' to 'false' to disable
2023-03-27 18:53:08.390  INFO 21956 --- [restartedMain] .e.DevToolsPropertyDefaultsPostProcessor : For additional web related logging consider setting the 'logging.level.web' property to 'DEBUG'
2023-03-27 18:53:09.061  INFO 21956 --- [restartedMain] o.s.b.w.e.t.TomcatWebServer              : Tomcat initialized with port(s): 8080 (http)
2023-03-27 18:53:09.079  INFO 21956 --- [restartedMain] o.a.c.c.StandardService                  : Starting service [Tomcat]
2023-03-27 18:53:09.079  INFO 21956 --- [restartedMain] o.a.c.c.StandardEngine                   : Starting Servlet engine: [Apache Tomcat/9.0.69]
2023-03-27 18:53:09.173  INFO 21956 --- [restartedMain] o.a.c.c.C.[.[.[/]                        : Initializing Spring embedded WebApplicationContext
2023-03-27 18:53:09.173  INFO 21956 --- [restartedMain] w.s.c.ServletWebServerApplicationContext : Root WebApplicationContext: initialization completed in 782 ms
2023-03-27 18:53:09.477  INFO 21956 --- [restartedMain] o.s.b.d.a.OptionalLiveReloadServer       : LiveReload server is running on port 35729
2023-03-27 18:53:09.499  INFO 21956 --- [restartedMain] o.s.b.w.e.t.TomcatWebServer              : Tomcat started on port(s): 8080 (http) with context path ''
2023-03-27 18:53:09.506  INFO 21956 --- [restartedMain] c.b.b.BoardAppApplication                : Started BoardAppApplication in 1.596 seconds (JVM running for 2.738)
2023-03-27 18:53:11.516  INFO 21956 --- [http-nio-8080-exec-1] o.a.c.c.C.[.[.[/]                        : Initializing Spring DispatcherServlet 'dispatcherServlet'
2023-03-27 18:53:11.516  INFO 21956 --- [http-nio-8080-exec-1] o.s.w.s.DispatcherServlet                : Initializing Servlet 'dispatcherServlet'
2023-03-27 18:53:11.517  INFO 21956 --- [http-nio-8080-exec-1] o.s.w.s.DispatcherServlet                : Completed initialization in 1 ms
2023-03-27 18:53:12.687  WARN 21956 --- [http-nio-8080-exec-4] o.s.w.s.PageNotFound                     : No mapping for GET /favicon.ico
2023-03-27 18:53:12.695  INFO 21956 --- [http-nio-8080-exec-4] c.b.b.i.RefererInterceptor               : TokenInterceptor
2023-03-27 18:53:12.695  INFO 21956 --- [http-nio-8080-exec-4] c.b.b.i.RefererInterceptor               : TokenInterceptor referer : http://localhost:8080/member/join
2023-03-27 18:53:12.696  INFO 21956 --- [http-nio-8080-exec-4] c.b.b.i.RefererInterceptor               : request url : http://localhost:8080/error
2023-03-27 18:53:15.045  INFO 21956 --- [http-nio-8080-exec-5] c.b.b.i.RefererInterceptor               : TokenInterceptor
2023-03-27 18:53:15.045  INFO 21956 --- [http-nio-8080-exec-5] c.b.b.i.RefererInterceptor               : TokenInterceptor referer : http://localhost:8080/member/join
2023-03-27 18:53:15.045  INFO 21956 --- [http-nio-8080-exec-5] c.b.b.i.RefererInterceptor               : request url : http://localhost:8080/member/checkUserId
2023-03-27 18:53:15.050  INFO 21956 --- [http-nio-8080-exec-5] c.b.b.c.MemberController                 : checkUserId
2023-03-27 18:53:15.051  INFO 21956 --- [http-nio-8080-exec-5] c.b.b.c.MemberController                 : userId : testUser
2023-03-27 18:53:34.225  INFO 21956 --- [http-nio-8080-exec-6] c.b.b.i.RefererInterceptor               : TokenInterceptor
2023-03-27 18:53:34.225  INFO 21956 --- [http-nio-8080-exec-6] c.b.b.i.RefererInterceptor               : TokenInterceptor referer : http://localhost:8080/member/join
2023-03-27 18:53:34.225  INFO 21956 --- [http-nio-8080-exec-6] c.b.b.i.RefererInterceptor               : request url : http://localhost:8080/member/joinProc
2023-03-27 18:53:34.232  INFO 21956 --- [http-nio-8080-exec-6] c.b.b.c.MemberController                 : joinProc
2023-03-27 18:53:34.232  INFO 21956 --- [http-nio-8080-exec-6] c.b.b.c.MemberController                 : join dto : MemberDTO(userId=testUser, userPw=zhzhahWl!2,zhzhahWl!2, userName=코모찌, auths=null)
2023-03-27 19:08:38.359  INFO 22424 --- [restartedMain] c.b.b.BoardAppApplication                : Starting BoardAppApplication using Java 1.8.0_231 on DESKTOP-VSIP2P1 with PID 22424 (E:\프로젝트\rest-api-project\board-app\build\classes\java\main started by User in E:\프로젝트\rest-api-project\board-app)
2023-03-27 19:08:38.368  INFO 22424 --- [restartedMain] c.b.b.BoardAppApplication                : No active profile set, falling back to 1 default profile: "default"
2023-03-27 19:08:38.589  INFO 22424 --- [restartedMain] .e.DevToolsPropertyDefaultsPostProcessor : Devtools property defaults active! Set 'spring.devtools.add-properties' to 'false' to disable
2023-03-27 19:08:38.590  INFO 22424 --- [restartedMain] .e.DevToolsPropertyDefaultsPostProcessor : For additional web related logging consider setting the 'logging.level.web' property to 'DEBUG'
2023-03-27 19:08:39.340  INFO 22424 --- [restartedMain] o.s.b.w.e.t.TomcatWebServer              : Tomcat initialized with port(s): 8080 (http)
2023-03-27 19:08:39.351  INFO 22424 --- [restartedMain] o.a.c.c.StandardService                  : Starting service [Tomcat]
2023-03-27 19:08:39.351  INFO 22424 --- [restartedMain] o.a.c.c.StandardEngine                   : Starting Servlet engine: [Apache Tomcat/9.0.69]
2023-03-27 19:08:39.446  INFO 22424 --- [restartedMain] o.a.c.c.C.[.[.[/]                        : Initializing Spring embedded WebApplicationContext
2023-03-27 19:08:39.446  INFO 22424 --- [restartedMain] w.s.c.ServletWebServerApplicationContext : Root WebApplicationContext: initialization completed in 856 ms
2023-03-27 19:08:39.763  INFO 22424 --- [restartedMain] o.s.b.d.a.OptionalLiveReloadServer       : LiveReload server is running on port 35729
2023-03-27 19:08:39.787  INFO 22424 --- [restartedMain] o.s.b.w.e.t.TomcatWebServer              : Tomcat started on port(s): 8080 (http) with context path ''
2023-03-27 19:08:39.795  INFO 22424 --- [restartedMain] c.b.b.BoardAppApplication                : Started BoardAppApplication in 2.082 seconds (JVM running for 3.658)
2023-03-27 19:08:53.977  INFO 22424 --- [http-nio-8080-exec-1] o.a.c.c.C.[.[.[/]                        : Initializing Spring DispatcherServlet 'dispatcherServlet'
2023-03-27 19:08:53.977  INFO 22424 --- [http-nio-8080-exec-1] o.s.w.s.DispatcherServlet                : Initializing Servlet 'dispatcherServlet'
2023-03-27 19:08:53.978  INFO 22424 --- [http-nio-8080-exec-1] o.s.w.s.DispatcherServlet                : Completed initialization in 1 ms
2023-03-27 19:08:53.991  WARN 22424 --- [http-nio-8080-exec-1] .w.s.m.s.DefaultHandlerExceptionResolver : Resolved [org.springframework.web.HttpRequestMethodNotSupportedException: Request method 'GET' not supported]
