2023-03-17 17:53:59.468  INFO 23872 --- [http-nio-9095-exec-4] j.resultset                              : 141. ResultSet.getString(col_1_0_) returned 게시글 99997
2023-03-17 17:53:59.541  INFO 23872 --- [http-nio-9095-exec-4] j.resultset                              : 141. ResultSet.wasNull() returned false
2023-03-17 17:53:59.541  INFO 23872 --- [http-nio-9095-exec-4] j.resultset                              : 141. ResultSet.getString(col_2_0_) returned coco
2023-03-17 17:53:59.541  INFO 23872 --- [http-nio-9095-exec-4] j.resultset                              : 141. ResultSet.wasNull() returned false
2023-03-17 17:53:59.541  INFO 23872 --- [http-nio-9095-exec-4] j.resultset                              : 141. ResultSet.getString(col_3_0_) returned 게시글 99997 내용
2023-03-17 17:53:59.542  INFO 23872 --- [http-nio-9095-exec-4] j.resultset                              : 141. ResultSet.wasNull() returned false
2023-03-17 17:53:59.542  INFO 23872 --- [http-nio-9095-exec-4] j.resultset                              : 141. ResultSet.getTimestamp(col_4_0_) returned 2022-05-28 00:00:00.0
2023-03-17 17:53:59.542  INFO 23872 --- [http-nio-9095-exec-4] j.resultset                              : 141. ResultSet.wasNull() returned false
2023-03-17 17:53:59.542  INFO 23872 --- [http-nio-9095-exec-4] j.resultset                              : 141. ResultSet.getLong(col_5_0_) returned 99997
2023-03-17 17:53:59.542  INFO 23872 --- [http-nio-9095-exec-4] j.resultset                              : 141. ResultSet.wasNull() returned false
2023-03-17 17:53:59.542  INFO 23872 --- [http-nio-9095-exec-4] j.resultset                              : 141. ResultSet.getInt(col_6_0_) returned 0
2023-03-17 17:53:59.542  INFO 23872 --- [http-nio-9095-exec-4] j.resultset                              : 141. ResultSet.wasNull() returned false
2023-03-17 17:53:59.542  INFO 23872 --- [http-nio-9095-exec-4] j.resultset                              : 141. ResultSet.getString(col_7_0_) returned 99997
2023-03-17 17:53:59.542  INFO 23872 --- [http-nio-9095-exec-4] j.resultset                              : 141. ResultSet.wasNull() returned false
2023-03-17 17:53:59.542  INFO 23872 --- [http-nio-9095-exec-4] j.resultset                              : 141. ResultSet.next() returned true
2023-03-17 17:53:59.542  INFO 23872 --- [http-nio-9095-exec-4] j.resultset                              : 141. ResultSet.getLong(col_0_0_) returned 99996
2023-03-17 17:53:59.542  INFO 23872 --- [http-nio-9095-exec-4] j.resultset                              : 141. ResultSet.wasNull() returned false
2023-03-17 17:53:59.542  INFO 23872 --- [http-nio-9095-exec-4] j.resultset                              : 141. ResultSet.getString(col_1_0_) returned 게시글 99996
2023-03-17 17:53:59.542  INFO 23872 --- [http-nio-9095-exec-4] j.resultset                              : 141. ResultSet.wasNull() returned false
2023-03-17 17:53:59.542  INFO 23872 --- [http-nio-9095-exec-4] j.resultset                              : 141. ResultSet.getString(col_2_0_) returned coco
2023-03-17 17:53:59.542  INFO 23872 --- [http-nio-9095-exec-4] j.resultset                              : 141. ResultSet.wasNull() returned false
2023-03-17 17:53:59.542  INFO 23872 --- [http-nio-9095-exec-4] j.resultset                              : 141. ResultSet.getString(col_3_0_) returned 게시글 99996 내용
2023-03-17 17:53:59.542  INFO 23872 --- [http-nio-9095-exec-4] j.resultset                              : 141. ResultSet.wasNull() returned false
2023-03-17 17:53:59.542  INFO 23872 --- [http-nio-9095-exec-4] j.resultset                              : 141. ResultSet.getTimestamp(col_4_0_) returned 2022-05-28 00:00:00.0
2023-03-17 17:53:59.542  INFO 23872 --- [http-nio-9095-exec-4] j.resultset                              : 141. ResultSet.wasNull() returned false
2023-03-17 17:53:59.542  INFO 23872 --- [http-nio-9095-exec-4] j.resultset                              : 141. ResultSet.getLong(col_5_0_) returned 99996
2023-03-17 17:53:59.542  INFO 23872 --- [http-nio-9095-exec-4] j.resultset                              : 141. ResultSet.wasNull() returned false
2023-03-17 17:53:59.542  INFO 23872 --- [http-nio-9095-exec-4] j.resultset                              : 141. ResultSet.getInt(col_6_0_) returned 0
2023-03-17 17:53:59.542  INFO 23872 --- [http-nio-9095-exec-4] j.resultset                              : 141. ResultSet.wasNull() returned false
2023-03-17 17:53:59.542  INFO 23872 --- [http-nio-9095-exec-4] j.resultset                              : 141. ResultSet.getString(col_7_0_) returned 99996
2023-03-17 17:53:59.542  INFO 23872 --- [http-nio-9095-exec-4] j.resultset                              : 141. ResultSet.wasNull() returned false
2023-03-17 17:53:59.542  INFO 23872 --- [http-nio-9095-exec-4] j.resultset                              : 141. ResultSet.next() returned true
2023-03-17 17:53:59.542  INFO 23872 --- [http-nio-9095-exec-4] j.resultset                              : 141. ResultSet.getLong(col_0_0_) returned 99995
2023-03-17 17:53:59.542  INFO 23872 --- [http-nio-9095-exec-4] j.resultset                              : 141. ResultSet.wasNull() returned false
2023-03-17 17:53:59.542  INFO 23872 --- [http-nio-9095-exec-4] j.resultset                              : 141. ResultSet.getString(col_1_0_) returned 게시글 99995
2023-03-17 17:53:59.542  INFO 23872 --- [http-nio-9095-exec-4] j.resultset                              : 141. ResultSet.wasNull() returned false
2023-03-17 17:53:59.542  INFO 23872 --- [http-nio-9095-exec-4] j.resultset                              : 141. ResultSet.getString(col_2_0_) returned coco
2023-03-17 17:53:59.542  INFO 23872 --- [http-nio-9095-exec-4] j.resultset                              : 141. ResultSet.wasNull() returned false
2023-03-17 17:53:59.542  INFO 23872 --- [http-nio-9095-exec-4] j.resultset                              : 141. ResultSet.getString(col_3_0_) returned 게시글 99995 내용
2023-03-17 17:53:59.542  INFO 23872 --- [http-nio-9095-exec-4] j.resultset                              : 141. ResultSet.wasNull() returned false
2023-03-17 17:53:59.542  INFO 23872 --- [http-nio-9095-exec-4] j.resultset                              : 141. ResultSet.getTimestamp(col_4_0_) returned 2022-05-28 00:00:00.0
2023-03-17 17:53:59.543  INFO 23872 --- [http-nio-9095-exec-4] j.resultset                              : 141. ResultSet.wasNull() returned false
2023-03-17 17:53:59.543  INFO 23872 --- [http-nio-9095-exec-4] j.resultset                              : 141. ResultSet.getLong(col_5_0_) returned 99995
2023-03-17 17:53:59.543  INFO 23872 --- [http-nio-9095-exec-4] j.resultset                              : 141. ResultSet.wasNull() returned false
2023-03-17 17:53:59.543  INFO 23872 --- [http-nio-9095-exec-4] j.resultset                              : 141. ResultSet.getInt(col_6_0_) returned 0
2023-03-17 17:53:59.543  INFO 23872 --- [http-nio-9095-exec-4] j.resultset                              : 141. ResultSet.wasNull() returned false
2023-03-17 17:53:59.543  INFO 23872 --- [http-nio-9095-exec-4] j.resultset                              : 141. ResultSet.getString(col_7_0_) returned 99995
2023-03-17 17:53:59.543  INFO 23872 --- [http-nio-9095-exec-4] j.resultset                              : 141. ResultSet.wasNull() returned false
2023-03-17 17:53:59.543  INFO 23872 --- [http-nio-9095-exec-4] j.resultset                              : 141. ResultSet.next() returned true
2023-03-17 17:53:59.543  INFO 23872 --- [http-nio-9095-exec-4] j.resultset                              : 141. ResultSet.getLong(col_0_0_) returned 99994
2023-03-17 17:53:59.543  INFO 23872 --- [http-nio-9095-exec-4] j.resultset                              : 141. ResultSet.wasNull() returned false
2023-03-17 17:53:59.543  INFO 23872 --- [http-nio-9095-exec-4] j.resultset                              : 141. ResultSet.getString(col_1_0_) returned 게시글 99994
2023-03-17 17:53:59.543  INFO 23872 --- [http-nio-9095-exec-4] j.resultset                              : 141. ResultSet.wasNull() returned false
2023-03-17 17:53:59.543  INFO 23872 --- [http-nio-9095-exec-4] j.resultset                              : 141. ResultSet.getString(col_2_0_) returned coco
2023-03-17 17:53:59.543  INFO 23872 --- [http-nio-9095-exec-4] j.resultset                              : 141. ResultSet.wasNull() returned false
2023-03-17 17:53:59.543  INFO 23872 --- [http-nio-9095-exec-4] j.resultset                              : 141. ResultSet.getString(col_3_0_) returned 게시글 99994 내용
2023-03-17 17:53:59.543  INFO 23872 --- [http-nio-9095-exec-4] j.resultset                              : 141. ResultSet.wasNull() returned false
2023-03-17 17:53:59.543  INFO 23872 --- [http-nio-9095-exec-4] j.resultset                              : 141. ResultSet.getTimestamp(col_4_0_) returned 2022-05-28 00:00:00.0
2023-03-17 17:53:59.543  INFO 23872 --- [http-nio-9095-exec-4] j.resultset                              : 141. ResultSet.wasNull() returned false
2023-03-17 17:53:59.543  INFO 23872 --- [http-nio-9095-exec-4] j.resultset                              : 141. ResultSet.getLong(col_5_0_) returned 99994
2023-03-17 17:53:59.543  INFO 23872 --- [http-nio-9095-exec-4] j.resultset                              : 141. ResultSet.wasNull() returned false
2023-03-17 17:53:59.543  INFO 23872 --- [http-nio-9095-exec-4] j.resultset                              : 141. ResultSet.getInt(col_6_0_) returned 0
2023-03-17 17:53:59.543  INFO 23872 --- [http-nio-9095-exec-4] j.resultset                              : 141. ResultSet.wasNull() returned false
2023-03-17 17:53:59.543  INFO 23872 --- [http-nio-9095-exec-4] j.resultset                              : 141. ResultSet.getString(col_7_0_) returned 99994
2023-03-17 17:53:59.543  INFO 23872 --- [http-nio-9095-exec-4] j.resultset                              : 141. ResultSet.wasNull() returned false
2023-03-17 17:53:59.544  INFO 23872 --- [http-nio-9095-exec-4] j.resultsettable                         : 
|--------|--------------------|-------|---------------------------|----------------------|-------------|------------|----------------------------------|
|boardno |boardtitle          |userid |boardcontent               |boarddate             |boardgroupno |boardindent |boardupperno                      |
|--------|--------------------|-------|---------------------------|----------------------|-------------|------------|----------------------------------|
|100018  |0314TestInsert      |coco   |null                       |2023-03-14 00:00:00.0 |100018       |0           |100018                            |
|100022  |0314TestInsertReply |coco   |0314TestInsertReplyContent |2023-03-15 00:00:00.0 |100018       |1           |100018100022                      |
|100011  |testTitle           |coco   |testContent                |2022-05-28 00:00:00.0 |100011       |0           |100011                            |
|100000  |게시글 100000          |coco   |게시글 100000 내용              |2022-05-28 00:00:00.0 |100000       |0           |100000                            |
|99999   |게시글 99999           |coco   |게시글 99999 내용               |2022-05-28 00:00:00.0 |99999        |0           |99999                             |
|100001  |99999 답글            |coco   |100001 내용                  |2022-05-28 00:00:00.0 |99999        |1           |99999,100001                      |
|100002  |99999 답글            |coco   |100002 내용                  |2022-05-28 00:00:00.0 |99999        |2           |99999,100001,100002               |
|100003  |99999 답글            |coco   |100003 내용                  |2022-05-28 00:00:00.0 |99999        |3           |99999,100001,100002,100003        |
|100005  |99999 답글            |coco   |100005 내용                  |2022-05-28 00:00:00.0 |99999        |4           |99999,100001,100002,100003,100005 |
|100004  |99999 답글            |coco   |100004 내용                  |2022-05-28 00:00:00.0 |99999        |2           |99999,100001,100004               |
|100006  |99999 답글            |coco   |100006 내용                  |2022-05-28 00:00:00.0 |99999        |3           |99999,100001,100004,100006        |
|100010  |99999 답글            |coco   |100010 내용                  |2022-05-28 00:00:00.0 |99999        |4           |99999,100001,100004,100006,100010 |
|100007  |99999 답글            |coco   |100007 내용                  |2022-05-28 00:00:00.0 |99999        |2           |99999,100001,100007               |
|100008  |99999 답글            |coco   |100008 내용                  |2022-05-28 00:00:00.0 |99999        |3           |99999,100001,100007,100008        |
|100009  |99999 답글            |coco   |100009 내용                  |2022-05-28 00:00:00.0 |99999        |1           |99999,100009                      |
|99998   |게시글 99998           |coco   |게시글 99998 내용               |2022-05-28 00:00:00.0 |99998        |0           |99998                             |
|99997   |게시글 99997           |coco   |게시글 99997 내용               |2022-05-28 00:00:00.0 |99997        |0           |99997                             |
|99996   |게시글 99996           |coco   |게시글 99996 내용               |2022-05-28 00:00:00.0 |99996        |0           |99996                             |
|99995   |게시글 99995           |coco   |게시글 99995 내용               |2022-05-28 00:00:00.0 |99995        |0           |99995                             |
|99994   |게시글 99994           |coco   |게시글 99994 내용               |2022-05-28 00:00:00.0 |99994        |0           |99994                             |
|--------|--------------------|-------|---------------------------|----------------------|-------------|------------|----------------------------------|

2023-03-17 17:53:59.544  INFO 23872 --- [http-nio-9095-exec-4] j.resultset                              : 141. ResultSet.close() returned void
2023-03-17 17:53:59.544  INFO 23872 --- [http-nio-9095-exec-4] j.audit                                  : 141. PreparedStatement.getMaxRows() returned 0
2023-03-17 17:53:59.544  INFO 23872 --- [http-nio-9095-exec-4] j.audit                                  : 141. PreparedStatement.getQueryTimeout() returned 0
2023-03-17 17:53:59.544  INFO 23872 --- [http-nio-9095-exec-4] j.audit                                  : 141. PreparedStatement.close() returned 
2023-03-17 17:53:59.545  INFO 23872 --- [http-nio-9095-exec-4] j.audit                                  : 141. PreparedStatement.new PreparedStatement returned 
2023-03-17 17:53:59.545  INFO 23872 --- [http-nio-9095-exec-4] j.audit                                  : 141. Connection.prepareStatement(select count_tabl0_.contentCount as col_0_0_ from Count_table count_tabl0_ where count_tabl0_.boardName='hierarchicalboard') returned net.sf.log4jdbc.sql.jdbcapi.PreparedStatementSpy@3d542ee3
2023-03-17 17:53:59.545  INFO 23872 --- [http-nio-9095-exec-4] j.sqlonly                                : select count_tabl0_.contentCount as col_0_0_ from Count_table count_tabl0_ where count_tabl0_.boardName='hierarchicalboard'

2023-03-17 17:53:59.546  INFO 23872 --- [http-nio-9095-exec-4] j.sqltiming                              : select count_tabl0_.contentCount as col_0_0_ from Count_table count_tabl0_ where count_tabl0_.boardName='hierarchicalboard'
 {executed in 1 msec}
2023-03-17 17:53:59.546  INFO 23872 --- [http-nio-9095-exec-4] j.resultset                              : 141. ResultSet.new ResultSet returned 
2023-03-17 17:53:59.546  INFO 23872 --- [http-nio-9095-exec-4] j.audit                                  : 141. PreparedStatement.executeQuery() returned net.sf.log4jdbc.sql.jdbcapi.ResultSetSpy@229d383a
2023-03-17 17:53:59.546  INFO 23872 --- [http-nio-9095-exec-4] j.resultset                              : 141. ResultSet.next() returned true
2023-03-17 17:53:59.546  INFO 23872 --- [http-nio-9095-exec-4] j.resultset                              : 141. ResultSet.getLong(col_0_0_) returned 100013
2023-03-17 17:53:59.546  INFO 23872 --- [http-nio-9095-exec-4] j.resultset                              : 141. ResultSet.wasNull() returned false
2023-03-17 17:53:59.547  INFO 23872 --- [http-nio-9095-exec-4] j.resultsettable                         : 
|-------------|
|contentcount |
|-------------|
|100013       |
|-------------|

2023-03-17 17:53:59.547  INFO 23872 --- [http-nio-9095-exec-4] j.resultset                              : 141. ResultSet.next() returned false
2023-03-17 17:53:59.547  INFO 23872 --- [http-nio-9095-exec-4] j.resultset                              : 141. ResultSet.close() returned void
2023-03-17 17:53:59.547  INFO 23872 --- [http-nio-9095-exec-4] j.audit                                  : 141. PreparedStatement.getMaxRows() returned 0
2023-03-17 17:53:59.547  INFO 23872 --- [http-nio-9095-exec-4] j.audit                                  : 141. PreparedStatement.getQueryTimeout() returned 0
2023-03-17 17:53:59.547  INFO 23872 --- [http-nio-9095-exec-4] j.audit                                  : 141. PreparedStatement.close() returned 
2023-03-17 17:53:59.547  INFO 23872 --- [http-nio-9095-exec-4] c.e.b.s.HierarchicalBoardServiceImpl     : ok
2023-03-17 17:53:59.547  INFO 23872 --- [http-nio-9095-exec-4] c.e.b.s.HierarchicalBoardServiceImpl     : response : Page 1 of 5001 containing com.example.boardrest.domain.dto.HierarchicalBoardDTO instances
2023-03-17 17:53:59.548  INFO 23872 --- [http-nio-9095-exec-4] j.audit                                  : 141. Connection.clearWarnings() returned 
2023-03-17 17:53:59.548  INFO 23872 --- [http-nio-9095-exec-4] j.audit                                  : 141. Connection.clearWarnings() returned 
2023-03-17 17:55:05.324  INFO 23872 --- [http-nio-9095-exec-6] c.e.b.c.j.JwtAuthorizationFilter         : Authorities request
2023-03-17 17:55:05.324  INFO 23872 --- [http-nio-9095-exec-6] c.e.b.c.j.JwtAuthorizationFilter         : cookie is null or prefix value not Bearer
2023-03-17 17:55:05.325  INFO 23872 --- [http-nio-9095-exec-6] c.e.b.c.HierarchicalBoardController      : keyword : 
2023-03-17 17:55:05.325  INFO 23872 --- [http-nio-9095-exec-6] c.e.b.c.HierarchicalBoardController      : pageNum : 2
2023-03-17 17:55:05.325  INFO 23872 --- [http-nio-9095-exec-6] c.e.b.c.HierarchicalBoardController      : keyword is not null
2023-03-17 17:55:05.325  INFO 23872 --- [http-nio-9095-exec-6] c.e.b.s.HierarchicalBoardServiceImpl     : service pageNum : 2
2023-03-17 17:55:05.325  INFO 23872 --- [http-nio-9095-exec-6] c.e.b.s.HierarchicalBoardServiceImpl     : service keyword : 
2023-03-17 17:55:05.325  INFO 23872 --- [http-nio-9095-exec-6] c.e.b.s.HierarchicalBoardServiceImpl     : service searchType : 
2023-03-17 17:55:05.325  INFO 23872 --- [http-nio-9095-exec-6] c.e.b.s.HierarchicalBoardServiceImpl     : error
